<?xml version="1.0" encoding="UTF-8"?>
<!-- Generated by org.testng.reporters.JUnitXMLReporter -->
<testsuite hostname="DESKTOP-45F2F1H" ignored="0" name="Test" tests="10" failures="4" timestamp="2020-08-30T14:11:22 EDT" time="76.702" errors="0">
  <testcase name="titleValidation" time="0.009" classname="com.syntax.class02.Dependency"/>
  <testcase name="validLogin" time="3.064" classname="com.syntax.class02.Dependency"/>
  <testcase name="loginFormText" time="0.052" classname="com.syntax.class02.HardAssertionExample">
    <failure type="java.lang.AssertionError" message="Text on the Login panel is not matched expected [LOGIN Panels] but found [LOGIN Panel]">
      <![CDATA[java.lang.AssertionError: Text on the Login panel is not matched expected [LOGIN Panels] but found [LOGIN Panel]
at com.syntax.class02.HardAssertionExample.loginFormText(HardAssertionExample.java:48)
at java.util.ArrayList.forEach(Unknown Source)
... Removed 32 stack frames]]>
    </failure>
  </testcase> <!-- loginFormText -->
  <testcase name="logoValidation" time="0.049" classname="com.syntax.class02.HardAssertionExample"/>
  <testcase name="titleValidation" time="0.01" classname="com.syntax.class02.HardAssertionExample">
    <failure type="java.lang.AssertionError" message="expected [Human Management Systems] but found [Human Management System]">
      <![CDATA[java.lang.AssertionError: expected [Human Management Systems] but found [Human Management System]
at com.syntax.class02.HardAssertionExample.titleValidation(HardAssertionExample.java:33)
at java.util.ArrayList.forEach(Unknown Source)
... Removed 33 stack frames]]>
    </failure>
  </testcase> <!-- titleValidation -->
  <testcase name="titleValidation" time="0.006" classname="com.syntax.class02.IssueWithoutAssertion"/>
  <testcase name="validLogin" time="9.159" classname="com.syntax.class02.IssueWithoutAssertion"/>
  <testcase name="invalidLoginError" time="6.417" classname="com.syntax.class02.SoftAssertionExample">
    <failure type="java.lang.AssertionError" message="The following asserts failed:
	expected [Invalid credential] but found [[[ChromeDriver: chrome on WINDOWS (5c2f040d88b178af51e8c8df60c36b88)] -&amp;gt; id: spanMessage]],
	expected [Password cannot be] but found [Password cannot be empty]">
      <![CDATA[java.lang.AssertionError: The following asserts failed:
expected [Invalid credential] but found [[[ChromeDriver: chrome on WINDOWS (5c2f040d88b178af51e8c8df60c36b88)] -> id: spanMessage]],
expected [Password cannot be] but found [Password cannot be empty]
at com.syntax.class02.SoftAssertionExample.invalidLoginError(SoftAssertionExample.java:55)
at java.util.ArrayList.forEach(Unknown Source)
... Removed 29 stack frames]]>
    </failure>
  </testcase> <!-- invalidLoginError -->
  <testcase name="Login" time="2.644" classname="com.syntax.class02.Task1"/>
  <testcase name="labelsDisplayed" time="0.145" classname="com.syntax.class02.Task1">
    <failure type="org.openqa.selenium.NoSuchElementException" message="no such element: Unable to locate element: {&amp;quot;method&amp;quot;:&amp;quot;xpath&amp;quot;,&amp;quot;selector&amp;quot;:&amp;quot;//label[@class=&amp;apos;hasTopFieldHelp&amp;apos;]&amp;quot;}
  (Session info: chrome=84.0.4147.135)
For documentation on this error, please visit: https://www.seleniumhq.org/exceptions/no_such_element.html
Build info: version: &amp;apos;3.141.59&amp;apos;, revision: &amp;apos;e82be7d358&amp;apos;, time: &amp;apos;2018-11-14T08:25:48&amp;apos;
System info: host: &amp;apos;DESKTOP-45F2F1H&amp;apos;, ip: &amp;apos;192.168.1.9&amp;apos;, os.name: &amp;apos;Windows 10&amp;apos;, os.arch: &amp;apos;amd64&amp;apos;, os.version: &amp;apos;10.0&amp;apos;, java.version: &amp;apos;1.8.0_251&amp;apos;
Driver info: org.openqa.selenium.chrome.ChromeDriver
Capabilities {acceptInsecureCerts: false, browserName: chrome, browserVersion: 84.0.4147.135, chrome: {chromedriverVersion: 84.0.4147.30 (48b3e868b4cc0..., userDataDir: C:\Users\drysa\AppData\Loca...}, goog:chromeOptions: {debuggerAddress: localhost:62881}, javascriptEnabled: true, networkConnectionEnabled: false, pageLoadStrategy: normal, platform: WINDOWS, platformName: WINDOWS, proxy: Proxy(), setWindowRect: true, strictFileInteractability: false, timeouts: {implicit: 0, pageLoad: 300000, script: 30000}, unhandledPromptBehavior: dismiss and notify, webauthn:virtualAuthenticators: true}
Session ID: 45d3dfcaafaa09eee574a16e646f0158
*** Element info: {Using=xpath, value=//label[@class=&amp;apos;hasTopFieldHelp&amp;apos;]}">
      <![CDATA[org.openqa.selenium.NoSuchElementException: no such element: Unable to locate element: {"method":"xpath","selector":"//label[@class='hasTopFieldHelp']"}
  (Session info: chrome=84.0.4147.135)
For documentation on this error, please visit: https://www.seleniumhq.org/exceptions/no_such_element.html
Build info: version: '3.141.59', revision: 'e82be7d358', time: '2018-11-14T08:25:48'
System info: host: 'DESKTOP-45F2F1H', ip: '192.168.1.9', os.name: 'Windows 10', os.arch: 'amd64', os.version: '10.0', java.version: '1.8.0_251'
Driver info: org.openqa.selenium.chrome.ChromeDriver
Capabilities {acceptInsecureCerts: false, browserName: chrome, browserVersion: 84.0.4147.135, chrome: {chromedriverVersion: 84.0.4147.30 (48b3e868b4cc0..., userDataDir: C:\Users\drysa\AppData\Loca...}, goog:chromeOptions: {debuggerAddress: localhost:62881}, javascriptEnabled: true, networkConnectionEnabled: false, pageLoadStrategy: normal, platform: WINDOWS, platformName: WINDOWS, proxy: Proxy(), setWindowRect: true, strictFileInteractability: false, timeouts: {implicit: 0, pageLoad: 300000, script: 30000}, unhandledPromptBehavior: dismiss and notify, webauthn:virtualAuthenticators: true}
Session ID: 45d3dfcaafaa09eee574a16e646f0158
*** Element info: {Using=xpath, value=//label[@class='hasTopFieldHelp']}
at org.openqa.selenium.remote.http.W3CHttpResponseCodec.createException(W3CHttpResponseCodec.java:187)
at org.openqa.selenium.remote.http.W3CHttpResponseCodec.decode(W3CHttpResponseCodec.java:122)
at org.openqa.selenium.remote.http.W3CHttpResponseCodec.decode(W3CHttpResponseCodec.java:49)
at org.openqa.selenium.remote.HttpCommandExecutor.execute(HttpCommandExecutor.java:158)
at org.openqa.selenium.remote.service.DriverCommandExecutor.execute(DriverCommandExecutor.java:83)
at org.openqa.selenium.remote.RemoteWebDriver.execute(RemoteWebDriver.java:552)
at org.openqa.selenium.remote.RemoteWebDriver.findElement(RemoteWebDriver.java:323)
at org.openqa.selenium.remote.RemoteWebDriver.findElementByXPath(RemoteWebDriver.java:428)
at org.openqa.selenium.By$ByXPath.findElement(By.java:353)
at org.openqa.selenium.remote.RemoteWebDriver.findElement(RemoteWebDriver.java:315)
at com.syntax.class02.Task1.labelsDisplayed(Task1.java:42)
at java.util.ArrayList.forEach(Unknown Source)
... Removed 31 stack frames]]>
    </failure>
  </testcase> <!-- labelsDisplayed -->
</testsuite> <!-- Test -->
